Arguments: 
  C:\Program Files\nodejs\node.exe C:\Users\dipan\AppData\Roaming\npm\node_modules\yarn\bin\yarn.js add react-dom@latest react@latest

PATH: 
  C:\Program Files\Common Files\Oracle\Java\javapath;C:\Python310\Scripts\;C:\Python310\;C:\db_home\bin;C:\Windows\system32;C:\Windows;C:\Windows\System32\Wbem;C:\Windows\System32\WindowsPowerShell\v1.0\;C:\Windows\System32\OpenSSH\;C:\Program Files\dotnet\;C:\Program Files (x86)\Microsoft SQL Server\150\DTS\Binn\;C:\Program Files\Microsoft SQL Server\130\Tools\Binn\;C:\Program Files\Microsoft SQL Server\Client SDK\ODBC\170\Tools\Binn\;C:\Program Files (x86)\Microsoft SQL Server\150\Tools\Binn\;C:\Program Files\Microsoft SQL Server\150\Tools\Binn\;C:\Program Files\Microsoft SQL Server\150\DTS\Binn\;C:\Program Files\Git\cmd;C:\Program Files\PuTTY\;C:\xampp\php;C:\ProgramData\ComposerSetup\bin;C:\Program Files\Microsoft\Web Platform Installer\;C:\ProgramData\chocolatey\bin;C:\Program Files\nodejs\;C:\Program Files (x86)\dotnet\;C:\Program Files\Docker\Docker\resources\bin;C:\ProgramData\DockerDesktop\version-bin;C:\Users\dipan\AppData\Local\pnpm;C:\Users\dipan\AppData\Local\Programs\Python\Python39\Scripts\;C:\Users\dipan\AppData\Local\Programs\Python\Python39\;C:\Users\dipan\AppData\Local\Microsoft\WindowsApps;C:\Users\dipan\AppData\Local\Programs\Microsoft VS Code\bin;C:\Users\dipan\.dotnet\tools;C:\Program Files\Azure Data Studio\bin;C:\Program Files\MongoDB\Server\4.4\bin;C:\Program Files (x86)\mingw-w64\i686-8.1.0-posix-dwarf-rt_v6-rev0\mingw32\bin;C:\Program Files\JetBrains\PyCharm Community Edition 2020.2.3\bin;C:\Users\dipan\AppData\Roaming\Composer\vendor\bin;C:\Program Files\heroku\bin;C:\Users\dipan\AppData\Roaming\npm

Yarn version: 
  1.22.18

Node version: 
  16.14.0

Platform: 
  win32 x64

Trace: 
  Error: EPERM: operation not permitted, copyfile 'C:\Users\dipan\AppData\Local\Yarn\Cache\v6\npm-libphonenumber-js-1.10.7-4c010b7b57e824c571ea4cdbf7aea6f3c408878c-integrity\node_modules\libphonenumber-js\core\package.json' -> 'D:\Coding Arena\Projects\Project ApkMonk\frontend\node_modules\libphonenumber-js\core\package.json'

npm manifest: 
  {
      "name": "chat-app",
      "version": "0.1.0",
      "private": true,
      "dependencies": {
          "@testing-library/jest-dom": "^5.16.2",
          "@testing-library/react": "^12.1.3",
          "@testing-library/user-event": "^13.5.0",
          "agora-react-uikit": "^1.0.7",
          "axios": "^0.26.1",
          "framer-motion": "^6.3.3",
          "lottie-react": "^2.2.1",
          "otp-input-react": "^0.3.0",
          "react": "^17.0.2",
          "react-dom": "^17.0.2",
          "react-loading": "^2.0.3",
          "react-phone-number-input": "^3.1.53",
          "react-router-dom": "5.1.0",
          "react-scripts": "5.0.0",
          "react-transition-group": "^4.4.2",
          "sass": "^1.49.9",
          "socket.io-client": "^4.4.1",
          "timeago.js": "^4.0.0-beta.3",
          "validator": "^13.7.0",
          "web-vitals": "^2.1.4"
      },
      "scripts": {
          "start": "react-scripts start",
          "build": "react-scripts build",
          "test": "react-scripts test",
          "eject": "react-scripts eject"
      },
      "eslintConfig": {
          "extends": [
              "react-app",
              "react-app/jest"
          ]
      },
      "browserslist": {
          "production": [
              ">0.2%",
              "not dead",
              "not op_mini all"
          ],
          "development": [
              "last 1 chrome version",
              "last 1 firefox version",
              "last 1 safari version"
          ]
      }
  }

yarn manifest: 
  No manifest

Lockfile: 
  No lockfile
